Analysis & Synthesis report for Lab4
Wed Mar 15 18:17:28 2023
Quartus Prime Version 22.1std.0 Build 915 10/25/2022 SC Lite Edition


---------------------
; Table of Contents ;
---------------------
  1. Legal Notice
  2. Analysis & Synthesis Summary
  3. Analysis & Synthesis Settings
  4. Parallel Compilation
  5. Analysis & Synthesis Source Files Read
  6. Analysis & Synthesis Resource Usage Summary
  7. Analysis & Synthesis Resource Utilization by Entity
  8. State Machine - |nunchukDriver|state
  9. State Machine - |nunchukDriver|I2C:UUT|state
 10. Registers Removed During Synthesis
 11. Removed Registers Triggering Further Register Optimizations
 12. General Register Statistics
 13. Multiplexer Restructuring Statistics (Restructuring Performed)
 14. Parameter Settings for User Entity Instance: clockDiv:clock_400kHz
 15. Parameter Settings for User Entity Instance: I2C:UUT
 16. Port Connectivity Checks: "I2C:UUT"
 17. Post-Synthesis Netlist Statistics for Top Partition
 18. Elapsed Time Per Partition
 19. Analysis & Synthesis Messages
 20. Analysis & Synthesis Suppressed Messages



----------------
; Legal Notice ;
----------------
Copyright (C) 2022  Intel Corporation. All rights reserved.
Your use of Intel Corporation's design tools, logic functions 
and other software and tools, and any partner logic 
functions, and any output files from any of the foregoing 
(including device programming or simulation files), and any 
associated documentation or information are expressly subject 
to the terms and conditions of the Intel Program License 
Subscription Agreement, the Intel Quartus Prime License Agreement,
the Intel FPGA IP License Agreement, or other applicable license
agreement, including, without limitation, that your use is for
the sole purpose of programming logic devices manufactured by
Intel and sold by Intel or its authorized distributors.  Please
refer to the applicable agreement for further details, at
https://fpgasoftware.intel.com/eula.



+-------------------------------------------------------------------------------------+
; Analysis & Synthesis Summary                                                        ;
+------------------------------------+------------------------------------------------+
; Analysis & Synthesis Status        ; Successful - Wed Mar 15 18:17:28 2023          ;
; Quartus Prime Version              ; 22.1std.0 Build 915 10/25/2022 SC Lite Edition ;
; Revision Name                      ; Lab4                                           ;
; Top-level Entity Name              ; nunchukDriver                                  ;
; Family                             ; MAX 10                                         ;
; Total logic elements               ; 130                                            ;
;     Total combinational functions  ; 128                                            ;
;     Dedicated logic registers      ; 75                                             ;
; Total registers                    ; 75                                             ;
; Total pins                         ; 60                                             ;
; Total virtual pins                 ; 0                                              ;
; Total memory bits                  ; 0                                              ;
; Embedded Multiplier 9-bit elements ; 0                                              ;
; Total PLLs                         ; 0                                              ;
; UFM blocks                         ; 0                                              ;
; ADC blocks                         ; 0                                              ;
+------------------------------------+------------------------------------------------+


+------------------------------------------------------------------------------------------------------------+
; Analysis & Synthesis Settings                                                                              ;
+------------------------------------------------------------------+--------------------+--------------------+
; Option                                                           ; Setting            ; Default Value      ;
+------------------------------------------------------------------+--------------------+--------------------+
; Device                                                           ; 10M50DAF484C7G     ;                    ;
; Top-level entity name                                            ; nunchukDriver      ; Lab4               ;
; Family name                                                      ; MAX 10             ; Cyclone V          ;
; Use smart compilation                                            ; Off                ; Off                ;
; Enable parallel Assembler and Timing Analyzer during compilation ; On                 ; On                 ;
; Enable compact report table                                      ; Off                ; Off                ;
; Restructure Multiplexers                                         ; Auto               ; Auto               ;
; Create Debugging Nodes for IP Cores                              ; Off                ; Off                ;
; Preserve fewer node names                                        ; On                 ; On                 ;
; Intel FPGA IP Evaluation Mode                                    ; Enable             ; Enable             ;
; Verilog Version                                                  ; Verilog_2001       ; Verilog_2001       ;
; VHDL Version                                                     ; VHDL_1993          ; VHDL_1993          ;
; State Machine Processing                                         ; Auto               ; Auto               ;
; Safe State Machine                                               ; Off                ; Off                ;
; Extract Verilog State Machines                                   ; On                 ; On                 ;
; Extract VHDL State Machines                                      ; On                 ; On                 ;
; Ignore Verilog initial constructs                                ; Off                ; Off                ;
; Iteration limit for constant Verilog loops                       ; 5000               ; 5000               ;
; Iteration limit for non-constant Verilog loops                   ; 250                ; 250                ;
; Add Pass-Through Logic to Inferred RAMs                          ; On                 ; On                 ;
; Infer RAMs from Raw Logic                                        ; On                 ; On                 ;
; Parallel Synthesis                                               ; On                 ; On                 ;
; DSP Block Balancing                                              ; Auto               ; Auto               ;
; NOT Gate Push-Back                                               ; On                 ; On                 ;
; Power-Up Don't Care                                              ; On                 ; On                 ;
; Remove Redundant Logic Cells                                     ; Off                ; Off                ;
; Remove Duplicate Registers                                       ; On                 ; On                 ;
; Ignore CARRY Buffers                                             ; Off                ; Off                ;
; Ignore CASCADE Buffers                                           ; Off                ; Off                ;
; Ignore GLOBAL Buffers                                            ; Off                ; Off                ;
; Ignore ROW GLOBAL Buffers                                        ; Off                ; Off                ;
; Ignore LCELL Buffers                                             ; Off                ; Off                ;
; Ignore SOFT Buffers                                              ; On                 ; On                 ;
; Limit AHDL Integers to 32 Bits                                   ; Off                ; Off                ;
; Optimization Technique                                           ; Balanced           ; Balanced           ;
; Carry Chain Length                                               ; 70                 ; 70                 ;
; Auto Carry Chains                                                ; On                 ; On                 ;
; Auto Open-Drain Pins                                             ; On                 ; On                 ;
; Perform WYSIWYG Primitive Resynthesis                            ; Off                ; Off                ;
; Auto ROM Replacement                                             ; On                 ; On                 ;
; Auto RAM Replacement                                             ; On                 ; On                 ;
; Auto DSP Block Replacement                                       ; On                 ; On                 ;
; Auto Shift Register Replacement                                  ; Auto               ; Auto               ;
; Allow Shift Register Merging across Hierarchies                  ; Auto               ; Auto               ;
; Auto Clock Enable Replacement                                    ; On                 ; On                 ;
; Strict RAM Replacement                                           ; Off                ; Off                ;
; Allow Synchronous Control Signals                                ; On                 ; On                 ;
; Force Use of Synchronous Clear Signals                           ; Off                ; Off                ;
; Auto RAM Block Balancing                                         ; On                 ; On                 ;
; Auto RAM to Logic Cell Conversion                                ; Off                ; Off                ;
; Auto Resource Sharing                                            ; Off                ; Off                ;
; Allow Any RAM Size For Recognition                               ; Off                ; Off                ;
; Allow Any ROM Size For Recognition                               ; Off                ; Off                ;
; Allow Any Shift Register Size For Recognition                    ; Off                ; Off                ;
; Use LogicLock Constraints during Resource Balancing              ; On                 ; On                 ;
; Ignore translate_off and synthesis_off directives                ; Off                ; Off                ;
; Timing-Driven Synthesis                                          ; On                 ; On                 ;
; Report Parameter Settings                                        ; On                 ; On                 ;
; Report Source Assignments                                        ; On                 ; On                 ;
; Report Connectivity Checks                                       ; On                 ; On                 ;
; Ignore Maximum Fan-Out Assignments                               ; Off                ; Off                ;
; Synchronization Register Chain Length                            ; 2                  ; 2                  ;
; Power Optimization During Synthesis                              ; Normal compilation ; Normal compilation ;
; HDL message level                                                ; Level2             ; Level2             ;
; Suppress Register Optimization Related Messages                  ; Off                ; Off                ;
; Number of Removed Registers Reported in Synthesis Report         ; 5000               ; 5000               ;
; Number of Swept Nodes Reported in Synthesis Report               ; 5000               ; 5000               ;
; Number of Inverted Registers Reported in Synthesis Report        ; 100                ; 100                ;
; Clock MUX Protection                                             ; On                 ; On                 ;
; Auto Gated Clock Conversion                                      ; Off                ; Off                ;
; Block Design Naming                                              ; Auto               ; Auto               ;
; SDC constraint protection                                        ; Off                ; Off                ;
; Synthesis Effort                                                 ; Auto               ; Auto               ;
; Shift Register Replacement - Allow Asynchronous Clear Signal     ; On                 ; On                 ;
; Pre-Mapping Resynthesis Optimization                             ; Off                ; Off                ;
; Analysis & Synthesis Message Level                               ; Medium             ; Medium             ;
; Disable Register Merging Across Hierarchies                      ; Auto               ; Auto               ;
; Resource Aware Inference For Block RAM                           ; On                 ; On                 ;
+------------------------------------------------------------------+--------------------+--------------------+


+------------------------------------------+
; Parallel Compilation                     ;
+----------------------------+-------------+
; Processors                 ; Number      ;
+----------------------------+-------------+
; Number detected on machine ; 12          ;
; Maximum allowed            ; 6           ;
;                            ;             ;
; Average used               ; 1.00        ;
; Maximum used               ; 6           ;
;                            ;             ;
; Usage by Processor         ; % Time Used ;
;     Processor 1            ; 100.0%      ;
;     Processors 2-6         ;   0.0%      ;
+----------------------------+-------------+


+----------------------------------------------------------------------------------------------------------------------------------------------+
; Analysis & Synthesis Source Files Read                                                                                                       ;
+----------------------------------+-----------------+------------------------------+------------------------------------------------+---------+
; File Name with User-Entered Path ; Used in Netlist ; File Type                    ; File Name with Absolute Path                   ; Library ;
+----------------------------------+-----------------+------------------------------+------------------------------------------------+---------+
; nunchukDriver.sv                 ; yes             ; User SystemVerilog HDL File  ; C:/Users/aleja/Downloads/Lab4/nunchukDriver.sv ;         ;
; IOBuffer.sv                      ; yes             ; User SystemVerilog HDL File  ; C:/Users/aleja/Downloads/Lab4/IOBuffer.sv      ;         ;
; I2C.sv                           ; yes             ; User SystemVerilog HDL File  ; C:/Users/aleja/Downloads/Lab4/I2C.sv           ;         ;
; clockDiv.sv                      ; yes             ; User SystemVerilog HDL File  ; C:/Users/aleja/Downloads/Lab4/clockDiv.sv      ;         ;
+----------------------------------+-----------------+------------------------------+------------------------------------------------+---------+


+-----------------------------------------------------------+
; Analysis & Synthesis Resource Usage Summary               ;
+---------------------------------------------+-------------+
; Resource                                    ; Usage       ;
+---------------------------------------------+-------------+
; Estimated Total logic elements              ; 130         ;
;                                             ;             ;
; Total combinational functions               ; 128         ;
; Logic element usage by number of LUT inputs ;             ;
;     -- 4 input functions                    ; 49          ;
;     -- 3 input functions                    ; 18          ;
;     -- <=2 input functions                  ; 61          ;
;                                             ;             ;
; Logic elements by mode                      ;             ;
;     -- normal mode                          ; 90          ;
;     -- arithmetic mode                      ; 38          ;
;                                             ;             ;
; Total registers                             ; 75          ;
;     -- Dedicated logic registers            ; 75          ;
;     -- I/O registers                        ; 0           ;
;                                             ;             ;
; I/O pins                                    ; 60          ;
;                                             ;             ;
; Embedded Multiplier 9-bit elements          ; 0           ;
;                                             ;             ;
; Maximum fan-out node                        ; reset~input ;
; Maximum fan-out                             ; 41          ;
; Total fan-out                               ; 638         ;
; Average fan-out                             ; 1.97        ;
+---------------------------------------------+-------------+


+-------------------------------------------------------------------------------------------------------------------------------------------------------------------------------------------------------------------------------------------------------+
; Analysis & Synthesis Resource Utilization by Entity                                                                                                                                                                                                   ;
+----------------------------+---------------------+---------------------------+-------------+------------+--------------+---------+-----------+------+--------------+------------+--------------------------------------+---------------+--------------+
; Compilation Hierarchy Node ; Combinational ALUTs ; Dedicated Logic Registers ; Memory Bits ; UFM Blocks ; DSP Elements ; DSP 9x9 ; DSP 18x18 ; Pins ; Virtual Pins ; ADC blocks ; Full Hierarchy Name                  ; Entity Name   ; Library Name ;
+----------------------------+---------------------+---------------------------+-------------+------------+--------------+---------+-----------+------+--------------+------------+--------------------------------------+---------------+--------------+
; |nunchukDriver             ; 128 (13)            ; 75 (11)                   ; 0           ; 0          ; 0            ; 0       ; 0         ; 60   ; 0            ; 0          ; |nunchukDriver                       ; nunchukDriver ; work         ;
;    |I2C:UUT|               ; 66 (66)             ; 31 (31)                   ; 0           ; 0          ; 0            ; 0       ; 0         ; 0    ; 0            ; 0          ; |nunchukDriver|I2C:UUT               ; I2C           ; work         ;
;    |clockDiv:clock_400kHz| ; 49 (49)             ; 33 (33)                   ; 0           ; 0          ; 0            ; 0       ; 0         ; 0    ; 0            ; 0          ; |nunchukDriver|clockDiv:clock_400kHz ; clockDiv      ; work         ;
+----------------------------+---------------------+---------------------------+-------------+------------+--------------+---------+-----------+------+--------------+------------+--------------------------------------+---------------+--------------+
Note: For table entries with two numbers listed, the numbers in parentheses indicate the number of resources of the given type used by the specific entity alone. The numbers listed outside of parentheses indicate the total resources of the given type used by the specific entity and all of its sub-entities in the hierarchy.


Encoding Type:  One-Hot
+---------------------------------------------------------------------------------------------------------------+
; State Machine - |nunchukDriver|state                                                                          ;
+------------------+------------------+-------------+------------+-------------+------------------+-------------+
; Name             ; state.HANDSHAKE1 ; state.READ2 ; state.READ ; state.WRITE ; state.HANDSHAKE2 ; state.BEGIN ;
+------------------+------------------+-------------+------------+-------------+------------------+-------------+
; state.BEGIN      ; 0                ; 0           ; 0          ; 0           ; 0                ; 0           ;
; state.HANDSHAKE2 ; 0                ; 0           ; 0          ; 0           ; 1                ; 1           ;
; state.WRITE      ; 0                ; 0           ; 0          ; 1           ; 0                ; 1           ;
; state.READ       ; 0                ; 0           ; 1          ; 0           ; 0                ; 1           ;
; state.READ2      ; 0                ; 1           ; 0          ; 0           ; 0                ; 1           ;
; state.HANDSHAKE1 ; 1                ; 0           ; 0          ; 0           ; 0                ; 1           ;
+------------------+------------------+-------------+------------+-------------+------------------+-------------+


Encoding Type:  One-Hot
+---------------------------------------------------------------------------------------------------------------------+
; State Machine - |nunchukDriver|I2C:UUT|state                                                                        ;
+----------------+-------------+------------+------------+----------------+----------------+-------------+------------+
; Name           ; state.RESET ; state.STOP ; state.DATA ; state.REG_ADDR ; state.DEV_ADDR ; state.START ; state.IDLE ;
+----------------+-------------+------------+------------+----------------+----------------+-------------+------------+
; state.IDLE     ; 0           ; 0          ; 0          ; 0              ; 0              ; 0           ; 0          ;
; state.START    ; 0           ; 0          ; 0          ; 0              ; 0              ; 1           ; 1          ;
; state.DEV_ADDR ; 0           ; 0          ; 0          ; 0              ; 1              ; 0           ; 1          ;
; state.REG_ADDR ; 0           ; 0          ; 0          ; 1              ; 0              ; 0           ; 1          ;
; state.DATA     ; 0           ; 0          ; 1          ; 0              ; 0              ; 0           ; 1          ;
; state.STOP     ; 0           ; 1          ; 0          ; 0              ; 0              ; 0           ; 1          ;
; state.RESET    ; 1           ; 0          ; 0          ; 0              ; 0              ; 0           ; 1          ;
+----------------+-------------+------------+------------+----------------+----------------+-------------+------------+


+---------------------------------------------------------------------------------+
; Registers Removed During Synthesis                                              ;
+----------------------------------------+----------------------------------------+
; Register name                          ; Reason for Removal                     ;
+----------------------------------------+----------------------------------------+
; addr[1]~reg0                           ; Merged with addr[0]~reg0               ;
; addr[3]~reg0                           ; Merged with addr[0]~reg0               ;
; addr[5]~reg0                           ; Merged with addr[4]~reg0               ;
; addr[6]~reg0                           ; Merged with addr[4]~reg0               ;
; addr[7]~reg0                           ; Merged with addr[4]~reg0               ;
; I2C:UUT|dataIn[1][1]                   ; Merged with I2C:UUT|dataIn[1][0]       ;
; I2C:UUT|dataIn[1][2]                   ; Merged with I2C:UUT|dataIn[1][0]       ;
; I2C:UUT|dataIn[1][3]                   ; Merged with I2C:UUT|dataIn[1][0]       ;
; I2C:UUT|dataIn[1][4]                   ; Merged with I2C:UUT|dataIn[1][0]       ;
; I2C:UUT|dataIn[1][5]                   ; Merged with I2C:UUT|dataIn[1][0]       ;
; I2C:UUT|dataIn[1][6]                   ; Merged with I2C:UUT|dataIn[1][0]       ;
; I2C:UUT|dataIn[1][7]                   ; Merged with I2C:UUT|dataIn[1][0]       ;
; I2C:UUT|dataIn[2][0]                   ; Merged with I2C:UUT|dataIn[1][0]       ;
; I2C:UUT|dataIn[2][1]                   ; Merged with I2C:UUT|dataIn[1][0]       ;
; I2C:UUT|dataIn[2][2]                   ; Merged with I2C:UUT|dataIn[1][0]       ;
; I2C:UUT|dataIn[2][3]                   ; Merged with I2C:UUT|dataIn[1][0]       ;
; I2C:UUT|dataIn[2][4]                   ; Merged with I2C:UUT|dataIn[1][0]       ;
; I2C:UUT|dataIn[2][5]                   ; Merged with I2C:UUT|dataIn[1][0]       ;
; I2C:UUT|dataIn[2][6]                   ; Merged with I2C:UUT|dataIn[1][0]       ;
; I2C:UUT|dataIn[2][7]                   ; Merged with I2C:UUT|dataIn[1][0]       ;
; I2C:UUT|dataIn[3][0]                   ; Merged with I2C:UUT|dataIn[1][0]       ;
; I2C:UUT|dataIn[3][1]                   ; Merged with I2C:UUT|dataIn[1][0]       ;
; I2C:UUT|dataIn[3][2]                   ; Merged with I2C:UUT|dataIn[1][0]       ;
; I2C:UUT|dataIn[3][3]                   ; Merged with I2C:UUT|dataIn[1][0]       ;
; I2C:UUT|dataIn[3][4]                   ; Merged with I2C:UUT|dataIn[1][0]       ;
; I2C:UUT|dataIn[3][5]                   ; Merged with I2C:UUT|dataIn[1][0]       ;
; I2C:UUT|dataIn[3][6]                   ; Merged with I2C:UUT|dataIn[1][0]       ;
; I2C:UUT|dataIn[3][7]                   ; Merged with I2C:UUT|dataIn[1][0]       ;
; I2C:UUT|dataIn[4][0]                   ; Merged with I2C:UUT|dataIn[1][0]       ;
; I2C:UUT|dataIn[4][1]                   ; Merged with I2C:UUT|dataIn[1][0]       ;
; I2C:UUT|dataIn[4][2]                   ; Merged with I2C:UUT|dataIn[1][0]       ;
; I2C:UUT|dataIn[4][3]                   ; Merged with I2C:UUT|dataIn[1][0]       ;
; I2C:UUT|dataIn[4][4]                   ; Merged with I2C:UUT|dataIn[1][0]       ;
; I2C:UUT|dataIn[4][5]                   ; Merged with I2C:UUT|dataIn[1][0]       ;
; I2C:UUT|dataIn[4][6]                   ; Merged with I2C:UUT|dataIn[1][0]       ;
; I2C:UUT|dataIn[4][7]                   ; Merged with I2C:UUT|dataIn[1][0]       ;
; I2C:UUT|dataIn[5][0]                   ; Merged with I2C:UUT|dataIn[1][0]       ;
; I2C:UUT|dataIn[5][1]                   ; Merged with I2C:UUT|dataIn[1][0]       ;
; I2C:UUT|dataIn[5][2]                   ; Merged with I2C:UUT|dataIn[1][0]       ;
; I2C:UUT|dataIn[5][3]                   ; Merged with I2C:UUT|dataIn[1][0]       ;
; I2C:UUT|dataIn[5][4]                   ; Merged with I2C:UUT|dataIn[1][0]       ;
; I2C:UUT|dataIn[5][5]                   ; Merged with I2C:UUT|dataIn[1][0]       ;
; I2C:UUT|dataIn[5][6]                   ; Merged with I2C:UUT|dataIn[1][0]       ;
; I2C:UUT|dataIn[5][7]                   ; Merged with I2C:UUT|dataIn[1][0]       ;
; I2C:UUT|deviceAddr[0,2,3,5]            ; Merged with I2C:UUT|dataIn[1][0]       ;
; I2C:UUT|numBytes[3]                    ; Merged with I2C:UUT|dataIn[1][0]       ;
; I2C:UUT|numBytes[2]                    ; Merged with I2C:UUT|numBytes[1]        ;
; numBytes[2]                            ; Merged with numBytes[1]                ;
; I2C:UUT|dataIn[0][3]                   ; Merged with I2C:UUT|dataIn[0][1]       ;
; I2C:UUT|dataIn[0][5]                   ; Merged with I2C:UUT|dataIn[0][1]       ;
; I2C:UUT|dataIn[0][7]                   ; Merged with I2C:UUT|dataIn[0][1]       ;
; I2C:UUT|deviceAddr[4,6]                ; Merged with I2C:UUT|deviceAddr[1]      ;
; I2C:UUT|regAddr[5..7]                  ; Merged with I2C:UUT|regAddr[4]         ;
; I2C:UUT|dataIn[0][2]                   ; Merged with I2C:UUT|dataIn[0][0]       ;
; I2C:UUT|dataIn[0][4]                   ; Merged with I2C:UUT|dataIn[0][0]       ;
; I2C:UUT|dataIn[0][6]                   ; Merged with I2C:UUT|dataIn[0][0]       ;
; I2C:UUT|regAddr[1,3]                   ; Merged with I2C:UUT|regAddr[0]         ;
; dataIn[0][3]                           ; Merged with dataIn[0][1]               ;
; dataIn[0][5]                           ; Merged with dataIn[0][1]               ;
; dataIn[0][7]                           ; Merged with dataIn[0][1]               ;
; dataIn[0][2]                           ; Merged with dataIn[0][0]               ;
; dataIn[0][4]                           ; Merged with dataIn[0][0]               ;
; dataIn[0][6]                           ; Merged with dataIn[0][0]               ;
; dataIn[0][1]                           ; Stuck at GND due to stuck port data_in ;
; addr[2]~reg0                           ; Stuck at GND due to stuck port data_in ;
; I2C:UUT|dataIn[1][0]                   ; Stuck at GND due to stuck port data_in ;
; I2C:UUT|regAddr[2]                     ; Stuck at GND due to stuck port data_in ;
; I2C:UUT|dataIn[0][1]                   ; Stuck at GND due to stuck port data_in ;
; I2C:UUT|byte_cnt[0..2]                 ; Stuck at GND due to stuck port data_in ;
; I2C:UUT|dataIn[0][0]                   ; Lost fanout                            ;
; dataIn[0][0]                           ; Lost fanout                            ;
; start                                  ; Stuck at VCC due to stuck port data_in ;
; state~2                                ; Lost fanout                            ;
; state~3                                ; Lost fanout                            ;
; state~4                                ; Lost fanout                            ;
; I2C:UUT|state~2                        ; Lost fanout                            ;
; I2C:UUT|state~3                        ; Lost fanout                            ;
; I2C:UUT|state~4                        ; Lost fanout                            ;
; Total Number of Removed Registers = 87 ;                                        ;
+----------------------------------------+----------------------------------------+


+------------------------------------------------------------------------------------------+
; Removed Registers Triggering Further Register Optimizations                              ;
+---------------------+---------------------------+----------------------------------------+
; Register name       ; Reason for Removal        ; Registers Removed due to This Register ;
+---------------------+---------------------------+----------------------------------------+
; I2C:UUT|byte_cnt[0] ; Stuck at GND              ; I2C:UUT|dataIn[0][0], dataIn[0][0]     ;
;                     ; due to stuck port data_in ;                                        ;
; dataIn[0][1]        ; Stuck at GND              ; I2C:UUT|dataIn[0][1]                   ;
;                     ; due to stuck port data_in ;                                        ;
; addr[2]~reg0        ; Stuck at GND              ; I2C:UUT|regAddr[2]                     ;
;                     ; due to stuck port data_in ;                                        ;
+---------------------+---------------------------+----------------------------------------+


+------------------------------------------------------+
; General Register Statistics                          ;
+----------------------------------------------+-------+
; Statistic                                    ; Value ;
+----------------------------------------------+-------+
; Total registers                              ; 75    ;
; Number of registers using Synchronous Clear  ; 22    ;
; Number of registers using Synchronous Load   ; 0     ;
; Number of registers using Asynchronous Clear ; 0     ;
; Number of registers using Asynchronous Load  ; 0     ;
; Number of registers using Clock Enable       ; 27    ;
; Number of registers using Preset             ; 0     ;
+----------------------------------------------+-------+


+----------------------------------------------------------------------------------------------------------------------------------------------------+
; Multiplexer Restructuring Statistics (Restructuring Performed)                                                                                     ;
+--------------------+-----------+---------------+----------------------+------------------------+------------+--------------------------------------+
; Multiplexer Inputs ; Bus Width ; Baseline Area ; Area if Restructured ; Saving if Restructured ; Registered ; Example Multiplexer Output           ;
+--------------------+-----------+---------------+----------------------+------------------------+------------+--------------------------------------+
; 3:1                ; 5 bits    ; 10 LEs        ; 5 LEs                ; 5 LEs                  ; Yes        ; |nunchukDriver|I2C:UUT|numBytes[0]   ;
; 3:1                ; 4 bits    ; 8 LEs         ; 4 LEs                ; 4 LEs                  ; Yes        ; |nunchukDriver|I2C:UUT|bit_cnt[3]    ;
; 3:1                ; 2 bits    ; 4 LEs         ; 2 LEs                ; 2 LEs                  ; Yes        ; |nunchukDriver|I2C:UUT|subbit_cnt[0] ;
; 4:1                ; 2 bits    ; 4 LEs         ; 4 LEs                ; 0 LEs                  ; Yes        ; |nunchukDriver|addr[4]~reg0          ;
; 6:1                ; 4 bits    ; 16 LEs        ; 8 LEs                ; 8 LEs                  ; Yes        ; |nunchukDriver|start                 ;
; 3:1                ; 4 bits    ; 8 LEs         ; 8 LEs                ; 0 LEs                  ; No         ; |nunchukDriver|state                 ;
+--------------------+-----------+---------------+----------------------+------------------------+------------+--------------------------------------+


+--------------------------------------------------------------------+
; Parameter Settings for User Entity Instance: clockDiv:clock_400kHz ;
+----------------+--------+------------------------------------------+
; Parameter Name ; Value  ; Type                                     ;
+----------------+--------+------------------------------------------+
; SPEED          ; 400000 ; Signed Integer                           ;
+----------------+--------+------------------------------------------+
Note: In order to hide this table in the UI and the text report file, please set the "Show Parameter Settings in Synthesis Report" option in "Analysis and Synthesis Settings -> More Settings" to "Off".


+------------------------------------------------------+
; Parameter Settings for User Entity Instance: I2C:UUT ;
+----------------+-------+-----------------------------+
; Parameter Name ; Value ; Type                        ;
+----------------+-------+-----------------------------+
; MAX_BYTES      ; 6     ; Signed Integer              ;
+----------------+-------+-----------------------------+
Note: In order to hide this table in the UI and the text report file, please set the "Show Parameter Settings in Synthesis Report" option in "Analysis and Synthesis Settings -> More Settings" to "Off".


+------------------------------------------------------------------------------------------------------------------------------+
; Port Connectivity Checks: "I2C:UUT"                                                                                          ;
+--------------------+--------+----------+-------------------------------------------------------------------------------------+
; Port               ; Type   ; Severity ; Details                                                                             ;
+--------------------+--------+----------+-------------------------------------------------------------------------------------+
; driverDisable      ; Input  ; Info     ; Stuck at GND                                                                        ;
; deviceAddr_d[3..2] ; Input  ; Info     ; Stuck at GND                                                                        ;
; deviceAddr_d[6]    ; Input  ; Info     ; Stuck at VCC                                                                        ;
; deviceAddr_d[5]    ; Input  ; Info     ; Stuck at GND                                                                        ;
; deviceAddr_d[4]    ; Input  ; Info     ; Stuck at VCC                                                                        ;
; deviceAddr_d[1]    ; Input  ; Info     ; Stuck at VCC                                                                        ;
; deviceAddr_d[0]    ; Input  ; Info     ; Stuck at GND                                                                        ;
; dataIn_d[5..1]     ; Input  ; Info     ; Stuck at GND                                                                        ;
; dataOut            ; Output ; Info     ; Connected to dangling logic. Logic that only feeds a dangling port will be removed. ;
+--------------------+--------+----------+-------------------------------------------------------------------------------------+


+-----------------------------------------------------+
; Post-Synthesis Netlist Statistics for Top Partition ;
+-----------------------+-----------------------------+
; Type                  ; Count                       ;
+-----------------------+-----------------------------+
; boundary_port         ; 60                          ;
; cycloneiii_ff         ; 75                          ;
;     ENA               ; 16                          ;
;     ENA SCLR          ; 11                          ;
;     SCLR              ; 11                          ;
;     plain             ; 37                          ;
; cycloneiii_io_obuf    ; 1                           ;
; cycloneiii_lcell_comb ; 129                         ;
;     arith             ; 38                          ;
;         2 data inputs ; 38                          ;
;     normal            ; 91                          ;
;         0 data inputs ; 1                           ;
;         1 data inputs ; 4                           ;
;         2 data inputs ; 19                          ;
;         3 data inputs ; 18                          ;
;         4 data inputs ; 49                          ;
;                       ;                             ;
; Max LUT depth         ; 4.10                        ;
; Average LUT depth     ; 2.70                        ;
+-----------------------+-----------------------------+


+-------------------------------+
; Elapsed Time Per Partition    ;
+----------------+--------------+
; Partition Name ; Elapsed Time ;
+----------------+--------------+
; Top            ; 00:00:00     ;
+----------------+--------------+


+-------------------------------+
; Analysis & Synthesis Messages ;
+-------------------------------+
Info: *******************************************************************
Info: Running Quartus Prime Analysis & Synthesis
    Info: Version 22.1std.0 Build 915 10/25/2022 SC Lite Edition
    Info: Processing started: Wed Mar 15 18:17:20 2023
Info: Command: quartus_map --read_settings_files=on --write_settings_files=off Lab4 -c Lab4
Warning (18236): Number of processors has not been specified which may cause overloading on shared machines.  Set the global assignment NUM_PARALLEL_PROCESSORS in your QSF to an appropriate value for best performance.
Info (20030): Parallel compilation is enabled and will use 6 of the 6 processors detected
Info (12021): Found 1 design units, including 1 entities, in source file nunchuktranslator.sv
    Info (12023): Found entity 1: nunchukTranslator File: C:/Users/aleja/Downloads/Lab4/nunchukTranslator.sv Line: 1
Warning (10261): Verilog HDL Event Control warning at nunchukDriver.sv(30): Event Control contains a complex event expression File: C:/Users/aleja/Downloads/Lab4/nunchukDriver.sv Line: 30
Info (12021): Found 1 design units, including 1 entities, in source file nunchukdriver.sv
    Info (12023): Found entity 1: nunchukDriver File: C:/Users/aleja/Downloads/Lab4/nunchukDriver.sv Line: 1
Info (12021): Found 1 design units, including 1 entities, in source file lab4.sv
    Info (12023): Found entity 1: Lab4 File: C:/Users/aleja/Downloads/Lab4/Lab4.sv Line: 1
Info (12021): Found 1 design units, including 1 entities, in source file iobuffer.sv
    Info (12023): Found entity 1: IOBuffer File: C:/Users/aleja/Downloads/Lab4/IOBuffer.sv Line: 1
Info (12021): Found 1 design units, including 1 entities, in source file i2c.sv
    Info (12023): Found entity 1: I2C File: C:/Users/aleja/Downloads/Lab4/I2C.sv Line: 2
Info (12021): Found 1 design units, including 1 entities, in source file clockdiv.sv
    Info (12023): Found entity 1: clockDiv File: C:/Users/aleja/Downloads/Lab4/clockDiv.sv Line: 1
Info (12021): Found 1 design units, including 1 entities, in source file i2c_tb.sv
    Info (12023): Found entity 1: I2C_tb File: C:/Users/aleja/Downloads/Lab4/I2C_tb.sv Line: 3
Info (12021): Found 1 design units, including 1 entities, in source file nunchukdriver_tb.sv
    Info (12023): Found entity 1: nunchukDriver_tb File: C:/Users/aleja/Downloads/Lab4/nunchukDriver_tb.sv Line: 3
Info (12127): Elaborating entity "nunchukDriver" for the top level hierarchy
Warning (10036): Verilog HDL or VHDL warning at nunchukDriver.sv(22): object "dataOut" assigned a value but never read File: C:/Users/aleja/Downloads/Lab4/nunchukDriver.sv Line: 22
Warning (10030): Net "dataIn[5..1]" at nunchukDriver.sv(21) has no driver or initial value, using a default initial value '0' File: C:/Users/aleja/Downloads/Lab4/nunchukDriver.sv Line: 21
Warning (10034): Output port "stick_x" at nunchukDriver.sv(5) has no driver File: C:/Users/aleja/Downloads/Lab4/nunchukDriver.sv Line: 5
Warning (10034): Output port "stick_y" at nunchukDriver.sv(5) has no driver File: C:/Users/aleja/Downloads/Lab4/nunchukDriver.sv Line: 5
Warning (10034): Output port "accel_x" at nunchukDriver.sv(6) has no driver File: C:/Users/aleja/Downloads/Lab4/nunchukDriver.sv Line: 6
Warning (10034): Output port "accel_y" at nunchukDriver.sv(6) has no driver File: C:/Users/aleja/Downloads/Lab4/nunchukDriver.sv Line: 6
Warning (10034): Output port "accel_z" at nunchukDriver.sv(6) has no driver File: C:/Users/aleja/Downloads/Lab4/nunchukDriver.sv Line: 6
Warning (10034): Output port "z" at nunchukDriver.sv(7) has no driver File: C:/Users/aleja/Downloads/Lab4/nunchukDriver.sv Line: 7
Warning (10034): Output port "c" at nunchukDriver.sv(7) has no driver File: C:/Users/aleja/Downloads/Lab4/nunchukDriver.sv Line: 7
Info (12128): Elaborating entity "clockDiv" for hierarchy "clockDiv:clock_400kHz" File: C:/Users/aleja/Downloads/Lab4/nunchukDriver.sv Line: 27
Info (12128): Elaborating entity "I2C" for hierarchy "I2C:UUT" File: C:/Users/aleja/Downloads/Lab4/nunchukDriver.sv Line: 28
Warning (10855): Verilog HDL warning at I2C.sv(58): initial value for variable done should be constant File: C:/Users/aleja/Downloads/Lab4/I2C.sv Line: 58
Warning (10230): Verilog HDL assignment warning at I2C.sv(99): truncated value with size 32 to match size of target (2) File: C:/Users/aleja/Downloads/Lab4/I2C.sv Line: 99
Warning (10230): Verilog HDL assignment warning at I2C.sv(104): truncated value with size 32 to match size of target (8) File: C:/Users/aleja/Downloads/Lab4/I2C.sv Line: 104
Warning (10230): Verilog HDL assignment warning at I2C.sv(152): truncated value with size 32 to match size of target (4) File: C:/Users/aleja/Downloads/Lab4/I2C.sv Line: 152
Warning (10230): Verilog HDL assignment warning at I2C.sv(156): truncated value with size 32 to match size of target (3) File: C:/Users/aleja/Downloads/Lab4/I2C.sv Line: 156
Info (12128): Elaborating entity "IOBuffer" for hierarchy "I2C:UUT|IOBuffer:sdaBuff" File: C:/Users/aleja/Downloads/Lab4/I2C.sv Line: 32
Warning (13024): Output pins are stuck at VCC or GND
    Warning (13410): Pin "stick_x[0]" is stuck at GND File: C:/Users/aleja/Downloads/Lab4/nunchukDriver.sv Line: 5
    Warning (13410): Pin "stick_x[1]" is stuck at GND File: C:/Users/aleja/Downloads/Lab4/nunchukDriver.sv Line: 5
    Warning (13410): Pin "stick_x[2]" is stuck at GND File: C:/Users/aleja/Downloads/Lab4/nunchukDriver.sv Line: 5
    Warning (13410): Pin "stick_x[3]" is stuck at GND File: C:/Users/aleja/Downloads/Lab4/nunchukDriver.sv Line: 5
    Warning (13410): Pin "stick_x[4]" is stuck at GND File: C:/Users/aleja/Downloads/Lab4/nunchukDriver.sv Line: 5
    Warning (13410): Pin "stick_x[5]" is stuck at GND File: C:/Users/aleja/Downloads/Lab4/nunchukDriver.sv Line: 5
    Warning (13410): Pin "stick_x[6]" is stuck at GND File: C:/Users/aleja/Downloads/Lab4/nunchukDriver.sv Line: 5
    Warning (13410): Pin "stick_x[7]" is stuck at GND File: C:/Users/aleja/Downloads/Lab4/nunchukDriver.sv Line: 5
    Warning (13410): Pin "stick_y[0]" is stuck at GND File: C:/Users/aleja/Downloads/Lab4/nunchukDriver.sv Line: 5
    Warning (13410): Pin "stick_y[1]" is stuck at GND File: C:/Users/aleja/Downloads/Lab4/nunchukDriver.sv Line: 5
    Warning (13410): Pin "stick_y[2]" is stuck at GND File: C:/Users/aleja/Downloads/Lab4/nunchukDriver.sv Line: 5
    Warning (13410): Pin "stick_y[3]" is stuck at GND File: C:/Users/aleja/Downloads/Lab4/nunchukDriver.sv Line: 5
    Warning (13410): Pin "stick_y[4]" is stuck at GND File: C:/Users/aleja/Downloads/Lab4/nunchukDriver.sv Line: 5
    Warning (13410): Pin "stick_y[5]" is stuck at GND File: C:/Users/aleja/Downloads/Lab4/nunchukDriver.sv Line: 5
    Warning (13410): Pin "stick_y[6]" is stuck at GND File: C:/Users/aleja/Downloads/Lab4/nunchukDriver.sv Line: 5
    Warning (13410): Pin "stick_y[7]" is stuck at GND File: C:/Users/aleja/Downloads/Lab4/nunchukDriver.sv Line: 5
    Warning (13410): Pin "accel_x[0]" is stuck at GND File: C:/Users/aleja/Downloads/Lab4/nunchukDriver.sv Line: 6
    Warning (13410): Pin "accel_x[1]" is stuck at GND File: C:/Users/aleja/Downloads/Lab4/nunchukDriver.sv Line: 6
    Warning (13410): Pin "accel_x[2]" is stuck at GND File: C:/Users/aleja/Downloads/Lab4/nunchukDriver.sv Line: 6
    Warning (13410): Pin "accel_x[3]" is stuck at GND File: C:/Users/aleja/Downloads/Lab4/nunchukDriver.sv Line: 6
    Warning (13410): Pin "accel_x[4]" is stuck at GND File: C:/Users/aleja/Downloads/Lab4/nunchukDriver.sv Line: 6
    Warning (13410): Pin "accel_x[5]" is stuck at GND File: C:/Users/aleja/Downloads/Lab4/nunchukDriver.sv Line: 6
    Warning (13410): Pin "accel_x[6]" is stuck at GND File: C:/Users/aleja/Downloads/Lab4/nunchukDriver.sv Line: 6
    Warning (13410): Pin "accel_x[7]" is stuck at GND File: C:/Users/aleja/Downloads/Lab4/nunchukDriver.sv Line: 6
    Warning (13410): Pin "accel_x[8]" is stuck at GND File: C:/Users/aleja/Downloads/Lab4/nunchukDriver.sv Line: 6
    Warning (13410): Pin "accel_x[9]" is stuck at GND File: C:/Users/aleja/Downloads/Lab4/nunchukDriver.sv Line: 6
    Warning (13410): Pin "accel_y[0]" is stuck at GND File: C:/Users/aleja/Downloads/Lab4/nunchukDriver.sv Line: 6
    Warning (13410): Pin "accel_y[1]" is stuck at GND File: C:/Users/aleja/Downloads/Lab4/nunchukDriver.sv Line: 6
    Warning (13410): Pin "accel_y[2]" is stuck at GND File: C:/Users/aleja/Downloads/Lab4/nunchukDriver.sv Line: 6
    Warning (13410): Pin "accel_y[3]" is stuck at GND File: C:/Users/aleja/Downloads/Lab4/nunchukDriver.sv Line: 6
    Warning (13410): Pin "accel_y[4]" is stuck at GND File: C:/Users/aleja/Downloads/Lab4/nunchukDriver.sv Line: 6
    Warning (13410): Pin "accel_y[5]" is stuck at GND File: C:/Users/aleja/Downloads/Lab4/nunchukDriver.sv Line: 6
    Warning (13410): Pin "accel_y[6]" is stuck at GND File: C:/Users/aleja/Downloads/Lab4/nunchukDriver.sv Line: 6
    Warning (13410): Pin "accel_y[7]" is stuck at GND File: C:/Users/aleja/Downloads/Lab4/nunchukDriver.sv Line: 6
    Warning (13410): Pin "accel_y[8]" is stuck at GND File: C:/Users/aleja/Downloads/Lab4/nunchukDriver.sv Line: 6
    Warning (13410): Pin "accel_y[9]" is stuck at GND File: C:/Users/aleja/Downloads/Lab4/nunchukDriver.sv Line: 6
    Warning (13410): Pin "accel_z[0]" is stuck at GND File: C:/Users/aleja/Downloads/Lab4/nunchukDriver.sv Line: 6
    Warning (13410): Pin "accel_z[1]" is stuck at GND File: C:/Users/aleja/Downloads/Lab4/nunchukDriver.sv Line: 6
    Warning (13410): Pin "accel_z[2]" is stuck at GND File: C:/Users/aleja/Downloads/Lab4/nunchukDriver.sv Line: 6
    Warning (13410): Pin "accel_z[3]" is stuck at GND File: C:/Users/aleja/Downloads/Lab4/nunchukDriver.sv Line: 6
    Warning (13410): Pin "accel_z[4]" is stuck at GND File: C:/Users/aleja/Downloads/Lab4/nunchukDriver.sv Line: 6
    Warning (13410): Pin "accel_z[5]" is stuck at GND File: C:/Users/aleja/Downloads/Lab4/nunchukDriver.sv Line: 6
    Warning (13410): Pin "accel_z[6]" is stuck at GND File: C:/Users/aleja/Downloads/Lab4/nunchukDriver.sv Line: 6
    Warning (13410): Pin "accel_z[7]" is stuck at GND File: C:/Users/aleja/Downloads/Lab4/nunchukDriver.sv Line: 6
    Warning (13410): Pin "accel_z[8]" is stuck at GND File: C:/Users/aleja/Downloads/Lab4/nunchukDriver.sv Line: 6
    Warning (13410): Pin "accel_z[9]" is stuck at GND File: C:/Users/aleja/Downloads/Lab4/nunchukDriver.sv Line: 6
    Warning (13410): Pin "z" is stuck at GND File: C:/Users/aleja/Downloads/Lab4/nunchukDriver.sv Line: 7
    Warning (13410): Pin "c" is stuck at GND File: C:/Users/aleja/Downloads/Lab4/nunchukDriver.sv Line: 7
    Warning (13410): Pin "addr[2]" is stuck at GND File: C:/Users/aleja/Downloads/Lab4/nunchukDriver.sv Line: 30
Info (286030): Timing-Driven Synthesis is running
Info (17049): 8 registers lost all their fanouts during netlist optimizations.
Info (144001): Generated suppressed messages file C:/Users/aleja/Downloads/Lab4/output_files/Lab4.map.smsg
Info (16010): Generating hard_block partition "hard_block:auto_generated_inst"
    Info (16011): Adding 0 node(s), including 0 DDIO, 0 PLL, 0 transceiver and 0 LCELL
Info (21057): Implemented 192 device resources after synthesis - the final resource count might be different
    Info (21058): Implemented 2 input pins
    Info (21059): Implemented 57 output pins
    Info (21060): Implemented 1 bidirectional pins
    Info (21061): Implemented 132 logic cells
Info: Quartus Prime Analysis & Synthesis was successful. 0 errors, 66 warnings
    Info: Peak virtual memory: 4790 megabytes
    Info: Processing ended: Wed Mar 15 18:17:28 2023
    Info: Elapsed time: 00:00:08
    Info: Total CPU time (on all processors): 00:00:17


+------------------------------------------+
; Analysis & Synthesis Suppressed Messages ;
+------------------------------------------+
The suppressed messages can be found in C:/Users/aleja/Downloads/Lab4/output_files/Lab4.map.smsg.


